<?xml version="1.0" encoding="UTF-8"?>
<testng-results ignored="0" total="1" passed="1" failed="0" skipped="0">
  <reporter-output>
  </reporter-output>
  <suite started-at="2023-11-04T00:38:44 PET" name="Command line suite" finished-at="2023-11-04T00:38:46 PET" duration-ms="2170">
    <groups>
    </groups>
    <test started-at="2023-11-04T00:38:44 PET" name="Command line test" finished-at="2023-11-04T00:38:46 PET" duration-ms="2170">
      <class name="tests.test04">
        <test-method signature="testCase04()[pri:0, instance:tests.test04@23529fee]" started-at="2023-11-04T00:38:44 PET" name="testCase04" finished-at="2023-11-04T00:38:46 PET" duration-ms="2145" status="PASS">
          <reporter-output>
          </reporter-output>
        </test-method> <!-- testCase04 -->
      </class> <!-- tests.test04 -->
    </test> <!-- Command line test -->
  </suite> <!-- Command line suite -->
</testng-results>
