<?xml version="1.0" encoding="UTF-8"?>
<testng-results ignored="0" total="1" passed="1" failed="0" skipped="0">
  <reporter-output>
  </reporter-output>
  <suite started-at="2023-11-05T01:51:19 PET" name="Command line suite" finished-at="2023-11-05T01:51:56 PET" duration-ms="37703">
    <groups>
    </groups>
    <test started-at="2023-11-05T01:51:19 PET" name="Command line test" finished-at="2023-11-05T01:51:56 PET" duration-ms="37703">
      <class name="tests.test01">
        <test-method is-config="true" signature="turnOnDriver()[pri:0, instance:tests.test01@add0edd]" started-at="2023-11-05T01:51:19 PET" name="turnOnDriver" finished-at="2023-11-05T01:51:20 PET" duration-ms="1282" status="PASS">
          <reporter-output>
          </reporter-output>
        </test-method> <!-- turnOnDriver -->
        <test-method signature="testEvershop()[pri:0, instance:tests.test01@add0edd]" started-at="2023-11-05T01:51:20 PET" name="testEvershop" finished-at="2023-11-05T01:51:56 PET" duration-ms="36228" status="PASS">
          <reporter-output>
          </reporter-output>
        </test-method> <!-- testEvershop -->
        <test-method is-config="true" signature="turnOffDriver()[pri:0, instance:tests.test01@add0edd]" started-at="2023-11-05T01:51:56 PET" name="turnOffDriver" finished-at="2023-11-05T01:51:56 PET" duration-ms="163" status="PASS">
          <reporter-output>
          </reporter-output>
        </test-method> <!-- turnOffDriver -->
      </class> <!-- tests.test01 -->
    </test> <!-- Command line test -->
  </suite> <!-- Command line suite -->
</testng-results>
